android/app/build/intermediates/manifest_merge_blame_file/debug/manifest-merger-blame-debug-report.txt
1<?xml version="1.0" encoding="utf-8"?>
2<manifest xmlns:android="http://schemas.android.com/apk/res/android"
3    package="io.ionic.starter"
4    android:versionCode="1"
5    android:versionName="1.0" >
6
7    <uses-sdk
8        android:minSdkVersion="21"
8-->src\main\AndroidManifest.xml
9        android:targetSdkVersion="29" />
9-->src\main\AndroidManifest.xml
10
11    <!-- Permissions -->
12
13    <uses-permission android:name="android.permission.INTERNET" />
13-->src\main\AndroidManifest.xml:49:5-67
13-->src\main\AndroidManifest.xml:49:22-64
14    <!-- Camera, Photos, input file -->
15    <uses-permission android:name="android.permission.READ_EXTERNAL_STORAGE" />
15-->src\main\AndroidManifest.xml:51:5-79
15-->src\main\AndroidManifest.xml:51:22-77
16    <uses-permission android:name="android.permission.WRITE_EXTERNAL_STORAGE" />
16-->src\main\AndroidManifest.xml:52:5-81
16-->src\main\AndroidManifest.xml:52:22-78
17    <!-- Geolocation API -->
18    <uses-permission android:name="android.permission.ACCESS_COARSE_LOCATION" />
18-->src\main\AndroidManifest.xml:54:5-81
18-->src\main\AndroidManifest.xml:54:22-78
19    <uses-permission android:name="android.permission.ACCESS_FINE_LOCATION" />
19-->src\main\AndroidManifest.xml:55:5-79
19-->src\main\AndroidManifest.xml:55:22-76
20
21    <uses-feature android:name="android.hardware.location.gps" />
21-->src\main\AndroidManifest.xml:56:5-66
21-->src\main\AndroidManifest.xml:56:19-63
22    <!-- Network API -->
23    <uses-permission android:name="android.permission.ACCESS_NETWORK_STATE" />
23-->src\main\AndroidManifest.xml:58:5-79
23-->src\main\AndroidManifest.xml:58:22-76
24    <!-- Navigator.getUserMedia -->
25    <!-- Video -->
26    <uses-permission android:name="android.permission.CAMERA" />
26-->src\main\AndroidManifest.xml:61:5-65
26-->src\main\AndroidManifest.xml:61:22-62
27    <!-- Audio -->
28    <uses-permission android:name="android.permission.RECORD_AUDIO" />
28-->src\main\AndroidManifest.xml:63:5-71
28-->src\main\AndroidManifest.xml:63:22-68
29    <uses-permission android:name="android.permission.MODIFY_AUDIO_SETTINGS" />
29-->src\main\AndroidManifest.xml:64:5-79
29-->src\main\AndroidManifest.xml:64:22-77
30    <!-- Contact -->
31    <uses-permission android:name="android.permission.READ_CONTACTS" />
31-->src\main\AndroidManifest.xml:66:5-72
31-->src\main\AndroidManifest.xml:66:22-69
32    <uses-permission android:name="android.permission.WRITE_CONTACTS" />
32-->src\main\AndroidManifest.xml:67:5-73
32-->src\main\AndroidManifest.xml:67:22-70
33    <uses-permission android:name="android.permission.GET_ACCOUNTS" />
33-->src\main\AndroidManifest.xml:68:5-71
33-->src\main\AndroidManifest.xml:68:22-68
34    <!-- Call -->
35    <uses-permission android:name="android.permission.CALL_PHONE" />
35-->src\main\AndroidManifest.xml:70:5-69
35-->src\main\AndroidManifest.xml:70:22-66
36    <!-- SMS -->
37    <uses-permission android:name="android.permission.SEND_SMS" />
37-->src\main\AndroidManifest.xml:72:5-67
37-->src\main\AndroidManifest.xml:72:22-64
38
39    <uses-feature
39-->[:capacitor-android] AndroidManifest.xml:11:5-13:36
40        android:name="android.hardware.camera"
40-->[:capacitor-android] AndroidManifest.xml:12:9-47
41        android:required="false" />
41-->[:capacitor-android] AndroidManifest.xml:13:9-33
42
43    <uses-permission android:name="android.permission.RECEIVE_BOOT_COMPLETED" />
43-->[:capacitor-android] AndroidManifest.xml:15:5-81
43-->[:capacitor-android] AndroidManifest.xml:15:22-78
44    <uses-permission android:name="android.permission.WAKE_LOCK" />
44-->[:capacitor-android] AndroidManifest.xml:16:5-68
44-->[:capacitor-android] AndroidManifest.xml:16:22-65
45
46    <uses-feature
46-->[:capacitor-cordova-android-plugins] AndroidManifest.xml:14:5-16:36
47        android:name="android.hardware.telephony"
47-->[:capacitor-cordova-android-plugins] AndroidManifest.xml:15:9-50
48        android:required="false" /> <!-- Required by older versions of Google Play services to create IID tokens -->
48-->[:capacitor-cordova-android-plugins] AndroidManifest.xml:16:9-33
49    <uses-permission android:name="com.google.android.c2dm.permission.RECEIVE" />
49-->[com.google.firebase:firebase-iid:20.1.1] AndroidManifest.xml:26:5-82
49-->[com.google.firebase:firebase-iid:20.1.1] AndroidManifest.xml:26:22-79
50
51    <application
51-->src\main\AndroidManifest.xml:5:5-45:19
52        android:allowBackup="true"
52-->src\main\AndroidManifest.xml:6:9-35
53        android:appComponentFactory="androidx.core.app.CoreComponentFactory"
53-->[androidx.core:core:1.2.0] AndroidManifest.xml:24:18-86
54        android:debuggable="true"
55        android:icon="@mipmap/ic_launcher"
55-->src\main\AndroidManifest.xml:7:9-43
56        android:label="@string/app_name"
56-->src\main\AndroidManifest.xml:8:9-41
57        android:roundIcon="@mipmap/ic_launcher_round"
57-->src\main\AndroidManifest.xml:9:9-54
58        android:supportsRtl="true"
58-->src\main\AndroidManifest.xml:10:9-35
59        android:testOnly="true"
60        android:theme="@style/AppTheme"
60-->src\main\AndroidManifest.xml:12:9-40
61        android:usesCleartextTraffic="true" >
61-->src\main\AndroidManifest.xml:11:9-44
62        <activity
62-->src\main\AndroidManifest.xml:15:9-34:20
63            android:name="io.ionic.starter.MainActivity"
63-->src\main\AndroidManifest.xml:17:13-57
64            android:configChanges="orientation|keyboardHidden|keyboard|screenSize|locale|smallestScreenSize|screenLayout|uiMode"
64-->src\main\AndroidManifest.xml:16:13-129
65            android:label="@string/title_activity_main"
65-->src\main\AndroidManifest.xml:18:13-56
66            android:launchMode="singleTask"
66-->src\main\AndroidManifest.xml:20:13-44
67            android:theme="@style/AppTheme.NoActionBarLaunch" >
67-->src\main\AndroidManifest.xml:19:13-62
68            <intent-filter>
68-->src\main\AndroidManifest.xml:22:13-25:29
69                <action android:name="android.intent.action.MAIN" />
69-->src\main\AndroidManifest.xml:23:17-69
69-->src\main\AndroidManifest.xml:23:25-66
70
71                <category android:name="android.intent.category.LAUNCHER" />
71-->src\main\AndroidManifest.xml:24:17-77
71-->src\main\AndroidManifest.xml:24:27-74
72            </intent-filter>
73            <intent-filter>
73-->src\main\AndroidManifest.xml:27:13-32:29
74                <action android:name="android.intent.action.VIEW" />
74-->src\main\AndroidManifest.xml:28:17-69
74-->src\main\AndroidManifest.xml:28:25-66
75
76                <category android:name="android.intent.category.DEFAULT" />
76-->src\main\AndroidManifest.xml:29:17-76
76-->src\main\AndroidManifest.xml:29:27-73
77                <category android:name="android.intent.category.BROWSABLE" />
77-->src\main\AndroidManifest.xml:30:17-78
77-->src\main\AndroidManifest.xml:30:27-75
78
79                <data android:scheme="@string/custom_url_scheme" />
79-->src\main\AndroidManifest.xml:31:17-68
79-->src\main\AndroidManifest.xml:31:23-65
80            </intent-filter>
81        </activity>
82
83        <provider
84            android:name="androidx.core.content.FileProvider"
84-->src\main\AndroidManifest.xml:37:13-62
85            android:authorities="io.ionic.starter.fileprovider"
85-->src\main\AndroidManifest.xml:38:13-64
86            android:exported="false"
86-->src\main\AndroidManifest.xml:39:13-37
87            android:grantUriPermissions="true" >
87-->src\main\AndroidManifest.xml:40:13-47
88            <meta-data
88-->src\main\AndroidManifest.xml:41:13-43:64
89                android:name="android.support.FILE_PROVIDER_PATHS"
89-->src\main\AndroidManifest.xml:42:17-67
90                android:resource="@xml/file_paths" />
90-->src\main\AndroidManifest.xml:43:17-51
91        </provider>
92
93        <service
93-->[:capacitor-android] AndroidManifest.xml:19:9-21:40
94            android:name="com.getcapacitor.plugin.background.BackgroundTaskService"
94-->[:capacitor-android] AndroidManifest.xml:20:13-84
95            android:exported="false" />
95-->[:capacitor-android] AndroidManifest.xml:21:13-37
96
97        <receiver android:name="com.getcapacitor.plugin.notification.TimedNotificationPublisher" />
97-->[:capacitor-android] AndroidManifest.xml:23:9-100
97-->[:capacitor-android] AndroidManifest.xml:23:19-97
98        <receiver android:name="com.getcapacitor.plugin.notification.NotificationDismissReceiver" />
98-->[:capacitor-android] AndroidManifest.xml:24:9-101
98-->[:capacitor-android] AndroidManifest.xml:24:19-98
99
100        <meta-data
100-->[:capacitor-android] AndroidManifest.xml:26:9-28:37
101            android:name="firebase_messaging_auto_init_enabled"
101-->[:capacitor-android] AndroidManifest.xml:27:13-64
102            android:value="false" />
102-->[:capacitor-android] AndroidManifest.xml:28:13-34
103
104        <service
104-->[:capacitor-android] AndroidManifest.xml:30:9-36:19
105            android:name="com.getcapacitor.CapacitorFirebaseMessagingService"
105-->[:capacitor-android] AndroidManifest.xml:31:13-78
106            android:stopWithTask="false" >
106-->[:capacitor-android] AndroidManifest.xml:32:13-41
107            <intent-filter>
107-->[:capacitor-android] AndroidManifest.xml:33:13-35:29
108                <action android:name="com.google.firebase.MESSAGING_EVENT" />
108-->[:capacitor-android] AndroidManifest.xml:34:17-78
108-->[:capacitor-android] AndroidManifest.xml:34:25-75
109            </intent-filter>
110        </service>
111
112        <receiver
112-->[:capacitor-android] AndroidManifest.xml:38:9-47:20
113            android:name="com.getcapacitor.plugin.notification.LocalNotificationRestoreReceiver"
113-->[:capacitor-android] AndroidManifest.xml:39:13-97
114            android:directBootAware="true"
114-->[:capacitor-android] AndroidManifest.xml:40:13-43
115            android:exported="false" >
115-->[:capacitor-android] AndroidManifest.xml:41:13-37
116            <intent-filter>
116-->[:capacitor-android] AndroidManifest.xml:42:13-46:29
117                <action android:name="android.intent.action.LOCKED_BOOT_COMPLETED" />
117-->[:capacitor-android] AndroidManifest.xml:43:17-86
117-->[:capacitor-android] AndroidManifest.xml:43:25-83
118                <action android:name="android.intent.action.BOOT_COMPLETED" />
118-->[:capacitor-android] AndroidManifest.xml:44:17-79
118-->[:capacitor-android] AndroidManifest.xml:44:25-76
119                <action android:name="android.intent.action.QUICKBOOT_POWERON" />
119-->[:capacitor-android] AndroidManifest.xml:45:17-82
119-->[:capacitor-android] AndroidManifest.xml:45:25-79
120            </intent-filter>
121        </receiver>
122        <!--
123             FirebaseMessagingService performs security checks at runtime,
124             but set to not exported to explicitly avoid allowing another app to call it.
125        -->
126        <service
126-->[com.google.firebase:firebase-messaging:20.1.2] AndroidManifest.xml:28:9-34:19
127            android:name="com.google.firebase.messaging.FirebaseMessagingService"
127-->[com.google.firebase:firebase-messaging:20.1.2] AndroidManifest.xml:29:13-82
128            android:exported="false" >
128-->[com.google.firebase:firebase-messaging:20.1.2] AndroidManifest.xml:30:13-37
129            <intent-filter android:priority="-500" >
129-->[:capacitor-android] AndroidManifest.xml:33:13-35:29
130                <action android:name="com.google.firebase.MESSAGING_EVENT" />
130-->[:capacitor-android] AndroidManifest.xml:34:17-78
130-->[:capacitor-android] AndroidManifest.xml:34:25-75
131            </intent-filter>
132        </service>
133        <service
133-->[com.google.firebase:firebase-messaging:20.1.2] AndroidManifest.xml:35:9-41:19
134            android:name="com.google.firebase.components.ComponentDiscoveryService"
134-->[com.google.firebase:firebase-messaging:20.1.2] AndroidManifest.xml:36:13-84
135            android:directBootAware="true"
135-->[com.google.firebase:firebase-common:19.3.0] AndroidManifest.xml:34:13-43
136            android:exported="false" >
136-->[com.google.firebase:firebase-messaging:20.1.2] AndroidManifest.xml:37:13-37
137            <meta-data
137-->[com.google.firebase:firebase-messaging:20.1.2] AndroidManifest.xml:38:13-40:85
138                android:name="com.google.firebase.components:com.google.firebase.messaging.FirebaseMessagingRegistrar"
138-->[com.google.firebase:firebase-messaging:20.1.2] AndroidManifest.xml:39:17-119
139                android:value="com.google.firebase.components.ComponentRegistrar" />
139-->[com.google.firebase:firebase-messaging:20.1.2] AndroidManifest.xml:40:17-82
140            <meta-data
140-->[com.google.firebase:firebase-datatransport:17.0.3] AndroidManifest.xml:28:13-30:85
141                android:name="com.google.firebase.components:com.google.firebase.datatransport.TransportRegistrar"
141-->[com.google.firebase:firebase-datatransport:17.0.3] AndroidManifest.xml:29:17-115
142                android:value="com.google.firebase.components.ComponentRegistrar" />
142-->[com.google.firebase:firebase-datatransport:17.0.3] AndroidManifest.xml:30:17-82
143            <meta-data
143-->[com.google.firebase:firebase-iid:20.1.1] AndroidManifest.xml:32:13-34:85
144                android:name="com.google.firebase.components:com.google.firebase.iid.Registrar"
144-->[com.google.firebase:firebase-iid:20.1.1] AndroidManifest.xml:33:17-96
145                android:value="com.google.firebase.components.ComponentRegistrar" />
145-->[com.google.firebase:firebase-iid:20.1.1] AndroidManifest.xml:34:17-82
146            <meta-data
146-->[com.google.firebase:firebase-installations:16.0.0] AndroidManifest.xml:17:13-19:85
147                android:name="com.google.firebase.components:com.google.firebase.installations.FirebaseInstallationsRegistrar"
147-->[com.google.firebase:firebase-installations:16.0.0] AndroidManifest.xml:18:17-127
148                android:value="com.google.firebase.components.ComponentRegistrar" />
148-->[com.google.firebase:firebase-installations:16.0.0] AndroidManifest.xml:19:17-82
149        </service>
150
151        <receiver
151-->[com.google.firebase:firebase-iid:20.1.1] AndroidManifest.xml:37:9-44:20
152            android:name="com.google.firebase.iid.FirebaseInstanceIdReceiver"
152-->[com.google.firebase:firebase-iid:20.1.1] AndroidManifest.xml:38:13-78
153            android:exported="true"
153-->[com.google.firebase:firebase-iid:20.1.1] AndroidManifest.xml:39:13-36
154            android:permission="com.google.android.c2dm.permission.SEND" >
154-->[com.google.firebase:firebase-iid:20.1.1] AndroidManifest.xml:40:13-73
155            <intent-filter>
155-->[com.google.firebase:firebase-iid:20.1.1] AndroidManifest.xml:41:13-43:29
156                <action android:name="com.google.android.c2dm.intent.RECEIVE" />
156-->[com.google.firebase:firebase-iid:20.1.1] AndroidManifest.xml:42:17-81
156-->[com.google.firebase:firebase-iid:20.1.1] AndroidManifest.xml:42:25-78
157            </intent-filter>
158        </receiver>
159
160        <provider
160-->[com.google.firebase:firebase-common:19.3.0] AndroidManifest.xml:26:9-30:39
161            android:name="com.google.firebase.provider.FirebaseInitProvider"
161-->[com.google.firebase:firebase-common:19.3.0] AndroidManifest.xml:27:13-77
162            android:authorities="io.ionic.starter.firebaseinitprovider"
162-->[com.google.firebase:firebase-common:19.3.0] AndroidManifest.xml:28:13-72
163            android:exported="false"
163-->[com.google.firebase:firebase-common:19.3.0] AndroidManifest.xml:29:13-37
164            android:initOrder="100" />
164-->[com.google.firebase:firebase-common:19.3.0] AndroidManifest.xml:30:13-36
165
166        <activity
166-->[com.google.android.gms:play-services-base:17.0.0] AndroidManifest.xml:23:9-26:75
167            android:name="com.google.android.gms.common.api.GoogleApiActivity"
167-->[com.google.android.gms:play-services-base:17.0.0] AndroidManifest.xml:24:13-79
168            android:exported="false"
168-->[com.google.android.gms:play-services-base:17.0.0] AndroidManifest.xml:25:13-37
169            android:theme="@android:style/Theme.Translucent.NoTitleBar" />
169-->[com.google.android.gms:play-services-base:17.0.0] AndroidManifest.xml:26:13-72
170
171        <meta-data
171-->[com.google.android.gms:play-services-basement:17.0.0] AndroidManifest.xml:23:9-25:69
172            android:name="com.google.android.gms.version"
172-->[com.google.android.gms:play-services-basement:17.0.0] AndroidManifest.xml:24:13-58
173            android:value="@integer/google_play_services_version" />
173-->[com.google.android.gms:play-services-basement:17.0.0] AndroidManifest.xml:25:13-66
174
175        <service
175-->[com.google.android.datatransport:transport-backend-cct:2.2.0] AndroidManifest.xml:29:9-35:19
176            android:name="com.google.android.datatransport.runtime.backends.TransportBackendDiscovery"
176-->[com.google.android.datatransport:transport-backend-cct:2.2.0] AndroidManifest.xml:30:13-103
177            android:exported="false" >
177-->[com.google.android.datatransport:transport-backend-cct:2.2.0] AndroidManifest.xml:31:13-37
178            <meta-data
178-->[com.google.android.datatransport:transport-backend-cct:2.2.0] AndroidManifest.xml:32:13-34:39
179                android:name="backend:com.google.android.datatransport.cct.CctBackendFactory"
179-->[com.google.android.datatransport:transport-backend-cct:2.2.0] AndroidManifest.xml:33:17-94
180                android:value="cct" />
180-->[com.google.android.datatransport:transport-backend-cct:2.2.0] AndroidManifest.xml:34:17-36
181        </service>
182        <service
182-->[com.google.android.datatransport:transport-runtime:2.2.0] AndroidManifest.xml:26:9-30:19
183            android:name="com.google.android.datatransport.runtime.scheduling.jobscheduling.JobInfoSchedulerService"
183-->[com.google.android.datatransport:transport-runtime:2.2.0] AndroidManifest.xml:27:13-117
184            android:exported="false"
184-->[com.google.android.datatransport:transport-runtime:2.2.0] AndroidManifest.xml:28:13-37
185            android:permission="android.permission.BIND_JOB_SERVICE" >
185-->[com.google.android.datatransport:transport-runtime:2.2.0] AndroidManifest.xml:29:13-69
186        </service>
187
188        <receiver
188-->[com.google.android.datatransport:transport-runtime:2.2.0] AndroidManifest.xml:32:9-34:40
189            android:name="com.google.android.datatransport.runtime.scheduling.jobscheduling.AlarmManagerSchedulerBroadcastReceiver"
189-->[com.google.android.datatransport:transport-runtime:2.2.0] AndroidManifest.xml:33:13-132
190            android:exported="false" />
190-->[com.google.android.datatransport:transport-runtime:2.2.0] AndroidManifest.xml:34:13-37
191    </application>
192
193</manifest>